<?xml version="1.0" encoding="UTF-8"?>
<!-- Generated by org.testng.reporters.JUnitReportReporter -->
<testsuite hostname="AVINASH" failures="0" tests="1" name="TestRunner.Demong" time="0.494" errors="1" timestamp="2025-03-11T10:13:13 IST" skipped="0">
  <testcase classname="TestRunner.Demong" name="runScenario" time="0.494">
    <error message="The supplied file was empty (zero bytes long)" type="org.apache.poi.EmptyFileException">
      <![CDATA[org.apache.poi.EmptyFileException: The supplied file was empty (zero bytes long)
at org.apache.poi.util.IOUtils.peekFirstNBytes(IOUtils.java:149)
at org.apache.poi.poifs.filesystem.FileMagic.valueOf(FileMagic.java:209)
at org.apache.poi.openxml4j.opc.internal.ZipHelper.verifyZipHeader(ZipHelper.java:147)
at org.apache.poi.openxml4j.opc.internal.ZipHelper.openZipStream(ZipHelper.java:191)
at org.apache.poi.openxml4j.opc.ZipPackage.<init>(ZipPackage.java:156)
at org.apache.poi.openxml4j.opc.OPCPackage.open(OPCPackage.java:363)
at org.apache.poi.ooxml.util.PackageHelper.open(PackageHelper.java:67)
at org.apache.poi.xssf.usermodel.XSSFWorkbook.<init>(XSSFWorkbook.java:315)
at org.apache.poi.xssf.usermodel.XSSFWorkbook.<init>(XSSFWorkbook.java:289)
at StepDefinition.Third.credentials(Third.java:40)
at StepDefinition.Third.user_enters_the_login_credentials(Third.java:22)
at ✽.user enters the login Credentials(file:///C:/Users/avina/eclipse-workspace/PageFactorySelenium%20-%20Copy/src/test/resources/Feature/sample3.feature:6)
]]>
    </error>
  </testcase> <!-- runScenario -->
</testsuite> <!-- TestRunner.Demong -->
